<?xml version='1.0' encoding='UTF-8'?>
<testsuite hostname="MP1734-3541" name="ApplicationTest" tests="6" errors="0" failures="0" time="0.003">
        <properties>
[...]
</properties>
        <testcase classname="ApplicationTest" name="callIndex" time="0.0">
      
    </testcase><testcase classname="ApplicationTest" name="indexTemplate" time="0.0">
      
    </testcase><testcase classname="ApplicationTest" name="realBarsRequest" time="0.0">
      
    </testcase><testcase classname="ApplicationTest" name="callAddBar" time="0.0">
      
    </testcase><testcase classname="ApplicationTest" name="callListBars" time="0.0">
      
    </testcase><testcase classname="ApplicationTest" name="barsRoute" time="0.0">
      
    </testcase>
        <system-out>
          
        </system-out>
        <system-err>
          
        </system-err>
      </testsuite>